<?xml version="1.0" encoding="UTF-8" ?>
<testsuite tests="2" failures="0" name="de.mortensenit.model.server.GreetingsMarshallerTest" time="0.678" errors="0" skipped="0">
  <properties>
[...]
</properties>
  <testcase classname="de.mortensenit.model.server.GreetingsMarshallerTest" name="de.mortensenit.model.server.GreetingsMarshallerTest.testUnmarshall" time="0.665"/>
  <testcase classname="de.mortensenit.model.server.GreetingsMarshallerTest" name="de.mortensenit.model.server.GreetingsMarshallerTest.testMarshall" time="0.013"/>
</testsuite>